# JRE version: OpenJDK Runtime Environment Microsoft-8035246 (17.0.8+7) (build 17.0.8+7-LTS)
# Java VM: OpenJDK 64-Bit Server VM Microsoft-8035246 (17.0.8+7-LTS, mixed mode, sharing, tiered, compressed oops, compressed class ptrs, g1 gc, windows-amd64)
GC Precious Log:
 CPUs: 12 total, 12 available
 Memory: 15709M
 Large Page Support: Disabled
 NUMA Support: Disabled
 Compressed Oops: Enabled (32-bit)
 Heap Region Size: 1M
 Heap Min Capacity: 8M
 Heap Initial Capacity: 246M
 Heap Max Capacity: 2G
 Pre-touch: Disabled
 Parallel Workers: 10
 Concurrent Workers: 3
 Concurrent Refinement Workers: 10
 Periodic GC: Disabled
Heap:
 garbage-first heap   total 306176K, used 254076K [0x0000000080000000, 0x0000000100000000)
  region size 1024K, 55 young (56320K), 6 survivors (6144K)
 Metaspace       used 102751K, committed 103808K, reserved 557056K
  class space    used 14266K, committed 14784K, reserved 425984K
GC Heap History (20 events):
Event: 69.247 GC heap before
{Heap before GC invocations=56 (full 0):
 garbage-first heap   total 254976K, used 221542K [0x0000000080000000, 0x0000000100000000)
  region size 1024K, 46 young (47104K), 5 survivors (5120K)
 Metaspace       used 98582K, committed 99648K, reserved 557056K
  class space    used 13849K, committed 14336K, reserved 425984K
}
Event: 69.254 GC heap after
{Heap after GC invocations=57 (full 0):
 garbage-first heap   total 254976K, used 176019K [0x0000000080000000, 0x0000000100000000)
  region size 1024K, 6 young (6144K), 6 survivors (6144K)
 Metaspace       used 98582K, committed 99648K, reserved 557056K
  class space    used 13849K, committed 14336K, reserved 425984K
}
Event: 69.779 GC heap before
{Heap before GC invocations=57 (full 0):
 garbage-first heap   total 254976K, used 226195K [0x0000000080000000, 0x0000000100000000)
  region size 1024K, 44 young (45056K), 6 survivors (6144K)
 Metaspace       used 98796K, committed 99840K, reserved 557056K
  class space    used 13862K, committed 14336K, reserved 425984K
}
Event: 69.787 GC heap after
{Heap after GC invocations=58 (full 0):
 garbage-first heap   total 254976K, used 179622K [0x0000000080000000, 0x0000000100000000)
  region size 1024K, 5 young (5120K), 5 survivors (5120K)
 Metaspace       used 98796K, committed 99840K, reserved 557056K
  class space    used 13862K, committed 14336K, reserved 425984K
}
Event: 70.047 GC heap before
{Heap before GC invocations=58 (full 0):
 garbage-first heap   total 254976K, used 218534K [0x0000000080000000, 0x0000000100000000)
  region size 1024K, 40 young (40960K), 5 survivors (5120K)
 Metaspace       used 98820K, committed 99840K, reserved 557056K
  class space    used 13863K, committed 14336K, reserved 425984K
}
Event: 70.055 GC heap after
{Heap after GC invocations=59 (full 0):
 garbage-first heap   total 254976K, used 183107K [0x0000000080000000, 0x0000000100000000)
  region size 1024K, 4 young (4096K), 4 survivors (4096K)
 Metaspace       used 98820K, committed 99840K, reserved 557056K
  class space    used 13863K, committed 14336K, reserved 425984K
}
Event: 70.681 GC heap before
{Heap before GC invocations=59 (full 0):
 garbage-first heap   total 254976K, used 216899K [0x0000000080000000, 0x0000000100000000)
  region size 1024K, 38 young (38912K), 4 survivors (4096K)
 Metaspace       used 98959K, committed 99968K, reserved 557056K
  class space    used 13874K, committed 14336K, reserved 425984K
}
Event: 70.687 GC heap after
{Heap after GC invocations=60 (full 0):
 garbage-first heap   total 254976K, used 185788K [0x0000000080000000, 0x0000000100000000)
  region size 1024K, 4 young (4096K), 4 survivors (4096K)
 Metaspace       used 98959K, committed 99968K, reserved 557056K
  class space    used 13874K, committed 14336K, reserved 425984K
}
Event: 70.924 GC heap before
{Heap before GC invocations=60 (full 0):
 garbage-first heap   total 254976K, used 224700K [0x0000000080000000, 0x0000000100000000)
  region size 1024K, 35 young (35840K), 4 survivors (4096K)
 Metaspace       used 99035K, committed 100096K, reserved 557056K
  class space    used 13891K, committed 14400K, reserved 425984K
}
Event: 70.930 GC heap after
{Heap after GC invocations=61 (full 0):
 garbage-first heap   total 254976K, used 188667K [0x0000000080000000, 0x0000000100000000)
  region size 1024K, 3 young (3072K), 3 survivors (3072K)
 Metaspace       used 99035K, committed 100096K, reserved 557056K
  class space    used 13891K, committed 14400K, reserved 425984K
}
Event: 71.132 GC heap before
{Heap before GC invocations=61 (full 0):
 garbage-first heap   total 254976K, used 218363K [0x0000000080000000, 0x0000000100000000)
  region size 1024K, 33 young (33792K), 3 survivors (3072K)
 Metaspace       used 99201K, committed 100224K, reserved 557056K
  class space    used 13920K, committed 14400K, reserved 425984K
}
Event: 71.137 GC heap after
{Heap after GC invocations=62 (full 0):
 garbage-first heap   total 254976K, used 190738K [0x0000000080000000, 0x0000000100000000)
  region size 1024K, 3 young (3072K), 3 survivors (3072K)
 Metaspace       used 99201K, committed 100224K, reserved 557056K
  class space    used 13920K, committed 14400K, reserved 425984K
}
Event: 71.344 GC heap before
{Heap before GC invocations=62 (full 0):
 garbage-first heap   total 254976K, used 223506K [0x0000000080000000, 0x0000000100000000)
  region size 1024K, 32 young (32768K), 3 survivors (3072K)
 Metaspace       used 99234K, committed 100224K, reserved 557056K
  class space    used 13921K, committed 14400K, reserved 425984K
}
Event: 71.350 GC heap after
{Heap after GC invocations=63 (full 0):
 garbage-first heap   total 254976K, used 193125K [0x0000000080000000, 0x0000000100000000)
  region size 1024K, 3 young (3072K), 3 survivors (3072K)
 Metaspace       used 99234K, committed 100224K, reserved 557056K
  class space    used 13921K, committed 14400K, reserved 425984K
}
Event: 71.512 GC heap before
{Heap before GC invocations=63 (full 0):
 garbage-first heap   total 254976K, used 219749K [0x0000000080000000, 0x0000000100000000)
  region size 1024K, 30 young (30720K), 3 survivors (3072K)
 Metaspace       used 99241K, committed 100288K, reserved 557056K
  class space    used 13922K, committed 14400K, reserved 425984K
}
Event: 71.518 GC heap after
{Heap after GC invocations=64 (full 0):
 garbage-first heap   total 306176K, used 195046K [0x0000000080000000, 0x0000000100000000)
  region size 1024K, 3 young (3072K), 3 survivors (3072K)
 Metaspace       used 99241K, committed 100288K, reserved 557056K
  class space    used 13922K, committed 14400K, reserved 425984K
}
Event: 73.911 GC heap before
{Heap before GC invocations=64 (full 0):
 garbage-first heap   total 306176K, used 268774K [0x0000000080000000, 0x0000000100000000)
  region size 1024K, 67 young (68608K), 3 survivors (3072K)
 Metaspace       used 101605K, committed 102720K, reserved 557056K
  class space    used 14149K, committed 14656K, reserved 425984K
}
Event: 73.922 GC heap after
{Heap after GC invocations=65 (full 0):
 garbage-first heap   total 306176K, used 199800K [0x0000000080000000, 0x0000000100000000)
  region size 1024K, 7 young (7168K), 7 survivors (7168K)
 Metaspace       used 101605K, committed 102720K, reserved 557056K
  class space    used 14149K, committed 14656K, reserved 425984K
}
Event: 504.282 GC heap before
{Heap before GC invocations=65 (full 0):
 garbage-first heap   total 306176K, used 260216K [0x0000000080000000, 0x0000000100000000)
  region size 1024K, 67 young (68608K), 7 survivors (7168K)
 Metaspace       used 102530K, committed 103552K, reserved 557056K
  class space    used 14253K, committed 14720K, reserved 425984K
}
Event: 504.294 GC heap after
{Heap after GC invocations=66 (full 0):
 garbage-first heap   total 306176K, used 204924K [0x0000000080000000, 0x0000000100000000)
  region size 1024K, 6 young (6144K), 6 survivors (6144K)
 Metaspace       used 102530K, committed 103552K, reserved 557056K
  class space    used 14253K, committed 14720K, reserved 425984K
}

